<?xml version="1.0" encoding="UTF-8"?>
<!-- Generated by org.testng.reporters.JUnitReportReporter -->
<testsuite hostname="DESKTOP-51JIPKB" failures="0" tests="1" name="SumValidation" time="1.592" errors="0" timestamp="2024-01-02T12:52:33 EST" skipped="0">
  <testcase classname="SumValidation" name="sumOfCourses" time="1.592"/>
</testsuite> <!-- SumValidation -->
