<?xml version="1.0" encoding="UTF-8"?>
<!-- Generated by org.testng.reporters.JUnitReportReporter -->
<testsuite hostname="DESKTOP-51JIPKB" failures="0" tests="3" name="files.DynamicJson" time="3.232" errors="0" timestamp="2024-01-03T04:41:02 EST" skipped="0">
  <testcase classname="files.DynamicJson" name="addBook" time="0.468"/>
  <testcase classname="files.DynamicJson" name="addBook" time="0.460"/>
  <testcase classname="files.DynamicJson" name="addBook" time="2.304"/>
</testsuite> <!-- files.DynamicJson -->
